<?xml version="1.0" encoding="UTF-8"?>
<testng-results skipped="0" failed="0" total="1" passed="1">
  <reporter-output>
  </reporter-output>
  <suite name="Default suite" duration-ms="43532" started-at="2017-09-25T10:52:54Z" finished-at="2017-09-25T10:53:38Z">
    <groups>
    </groups>
    <test name="Default test" duration-ms="43532" started-at="2017-09-25T10:52:54Z" finished-at="2017-09-25T10:53:38Z">
      <class name="TestMethods.test">
        <test-method status="PASS" signature="setup()[pri:0, instance:TestMethods.test@51081592]" name="setup" is-config="true" duration-ms="29319" started-at="2017-09-25T16:22:54Z" finished-at="2017-09-25T16:23:24Z">
          <reporter-output>
          </reporter-output>
        </test-method> <!-- setup -->
        <test-method status="PASS" signature="testRegistration()[pri:0, instance:TestMethods.test@51081592]" name="testRegistration" duration-ms="14176" started-at="2017-09-25T16:23:24Z" finished-at="2017-09-25T16:23:38Z">
          <reporter-output>
          </reporter-output>
        </test-method> <!-- testRegistration -->
      </class> <!-- TestMethods.test -->
    </test> <!-- Default test -->
  </suite> <!-- Default suite -->
</testng-results>
